ARM GAS  C:\Users\turan\AppData\Local\Temp\cc9iiZqL.s 			page 1


   1              		.syntax unified
   2              		.cpu cortex-m0
   3              		.fpu softvfp
   4              		.eabi_attribute 20, 1
   5              		.eabi_attribute 21, 1
   6              		.eabi_attribute 23, 3
   7              		.eabi_attribute 24, 1
   8              		.eabi_attribute 25, 1
   9              		.eabi_attribute 26, 1
  10              		.eabi_attribute 30, 1
  11              		.eabi_attribute 34, 0
  12              		.eabi_attribute 18, 4
  13              		.thumb
  14              		.syntax unified
  15              		.file	"main.c"
  16              		.text
  17              	.Ltext0:
  18              		.cfi_sections	.debug_frame
  19              		.section	.text.main,"ax",%progbits
  20              		.align	2
  21              		.global	main
  22              		.code	16
  23              		.thumb_func
  24              		.type	main, %function
  25              	main:
  26              	.LFB43:
  27              		.file 1 "main.c"
   1:main.c        **** /* ========================================
   2:main.c        ****  *
   3:main.c        ****  * Copyright YOUR COMPANY, THE YEAR
   4:main.c        ****  * All Rights Reserved
   5:main.c        ****  * UNPUBLISHED, LICENSED SOFTWARE.
   6:main.c        ****  *
   7:main.c        ****  * CONFIDENTIAL AND PROPRIETARY INFORMATION
   8:main.c        ****  * WHICH IS THE PROPERTY OF your company.
   9:main.c        ****  *
  10:main.c        ****  * ========================================
  11:main.c        **** */
  12:main.c        **** #include "project.h"
  13:main.c        **** #include "rcos.h"
  14:main.c        **** 
  15:main.c        **** int main(void)
  16:main.c        **** {
  28              		.loc 1 16 0
  29              		.cfi_startproc
  30              		@ args = 0, pretend = 0, frame = 0
  31              		@ frame_needed = 0, uses_anonymous_args = 0
  32 0000 10B5     		push	{r4, lr}
  33              		.cfi_def_cfa_offset 8
  34              		.cfi_offset 4, -8
  35              		.cfi_offset 14, -4
  17:main.c        ****     CyGlobalIntEnable;
  36              		.loc 1 17 0
  37              		.syntax divided
  38              	@ 17 "main.c" 1
  39 0002 62B6     		CPSIE   i
  40              	@ 0 "" 2
ARM GAS  C:\Users\turan\AppData\Local\Temp\cc9iiZqL.s 			page 2


  18:main.c        ****     rcosMainLoop();
  41              		.loc 1 18 0
  42              		.thumb
  43              		.syntax unified
  44 0004 FFF7FEFF 		bl	rcosMainLoop
  45              	.LVL0:
  19:main.c        **** }
  46              		.loc 1 19 0
  47 0008 0020     		movs	r0, #0
  48              		@ sp needed
  49 000a 10BD     		pop	{r4, pc}
  50              		.cfi_endproc
  51              	.LFE43:
  52              		.size	main, .-main
  53              		.text
  54              	.Letext0:
  55              		.file 2 "c:\\program files (x86)\\cypress\\psoc creator\\4.4\\psoc creator\\import\\gnu\\arm\\5.4.
  56              		.file 3 "c:\\program files (x86)\\cypress\\psoc creator\\4.4\\psoc creator\\import\\gnu\\arm\\5.4.
  57              		.file 4 ".\\RCOS/libs/bits.h"
  58              		.file 5 "rcos.h"
  59              		.section	.debug_info,"",%progbits
  60              	.Ldebug_info0:
  61 0000 F4000000 		.4byte	0xf4
  62 0004 0400     		.2byte	0x4
  63 0006 00000000 		.4byte	.Ldebug_abbrev0
  64 000a 04       		.byte	0x4
  65 000b 01       		.uleb128 0x1
  66 000c D7000000 		.4byte	.LASF16
  67 0010 0C       		.byte	0xc
  68 0011 1B000000 		.4byte	.LASF17
  69 0015 22000000 		.4byte	.LASF18
  70 0019 00000000 		.4byte	.Ldebug_ranges0+0
  71 001d 00000000 		.4byte	0
  72 0021 00000000 		.4byte	.Ldebug_line0
  73 0025 02       		.uleb128 0x2
  74 0026 01       		.byte	0x1
  75 0027 06       		.byte	0x6
  76 0028 78010000 		.4byte	.LASF0
  77 002c 03       		.uleb128 0x3
  78 002d 89000000 		.4byte	.LASF9
  79 0031 02       		.byte	0x2
  80 0032 1D       		.byte	0x1d
  81 0033 37000000 		.4byte	0x37
  82 0037 02       		.uleb128 0x2
  83 0038 01       		.byte	0x1
  84 0039 08       		.byte	0x8
  85 003a 9B000000 		.4byte	.LASF1
  86 003e 02       		.uleb128 0x2
  87 003f 02       		.byte	0x2
  88 0040 05       		.byte	0x5
  89 0041 96010000 		.4byte	.LASF2
  90 0045 02       		.uleb128 0x2
  91 0046 02       		.byte	0x2
  92 0047 07       		.byte	0x7
  93 0048 65010000 		.4byte	.LASF3
  94 004c 02       		.uleb128 0x2
  95 004d 04       		.byte	0x4
ARM GAS  C:\Users\turan\AppData\Local\Temp\cc9iiZqL.s 			page 3


  96 004e 05       		.byte	0x5
  97 004f BA000000 		.4byte	.LASF4
  98 0053 02       		.uleb128 0x2
  99 0054 04       		.byte	0x4
 100 0055 07       		.byte	0x7
 101 0056 60000000 		.4byte	.LASF5
 102 005a 02       		.uleb128 0x2
 103 005b 08       		.byte	0x8
 104 005c 05       		.byte	0x5
 105 005d 00000000 		.4byte	.LASF6
 106 0061 02       		.uleb128 0x2
 107 0062 08       		.byte	0x8
 108 0063 07       		.byte	0x7
 109 0064 72000000 		.4byte	.LASF7
 110 0068 04       		.uleb128 0x4
 111 0069 04       		.byte	0x4
 112 006a 05       		.byte	0x5
 113 006b 696E7400 		.ascii	"int\000"
 114 006f 02       		.uleb128 0x2
 115 0070 04       		.byte	0x4
 116 0071 07       		.byte	0x7
 117 0072 0E000000 		.4byte	.LASF8
 118 0076 03       		.uleb128 0x3
 119 0077 93000000 		.4byte	.LASF10
 120 007b 03       		.byte	0x3
 121 007c 18       		.byte	0x18
 122 007d 2C000000 		.4byte	0x2c
 123 0081 02       		.uleb128 0x2
 124 0082 04       		.byte	0x4
 125 0083 04       		.byte	0x4
 126 0084 90010000 		.4byte	.LASF11
 127 0088 02       		.uleb128 0x2
 128 0089 08       		.byte	0x8
 129 008a 04       		.byte	0x4
 130 008b D0000000 		.4byte	.LASF12
 131 008f 02       		.uleb128 0x2
 132 0090 01       		.byte	0x1
 133 0091 08       		.byte	0x8
 134 0092 A9000000 		.4byte	.LASF13
 135 0096 02       		.uleb128 0x2
 136 0097 08       		.byte	0x8
 137 0098 04       		.byte	0x4
 138 0099 84010000 		.4byte	.LASF14
 139 009d 02       		.uleb128 0x2
 140 009e 04       		.byte	0x4
 141 009f 07       		.byte	0x7
 142 00a0 A0010000 		.4byte	.LASF15
 143 00a4 05       		.uleb128 0x5
 144 00a5 5B000000 		.4byte	.LASF19
 145 00a9 01       		.byte	0x1
 146 00aa 0F       		.byte	0xf
 147 00ab 68000000 		.4byte	0x68
 148 00af 00000000 		.4byte	.LFB43
 149 00b3 0C000000 		.4byte	.LFE43-.LFB43
 150 00b7 01       		.uleb128 0x1
 151 00b8 9C       		.byte	0x9c
 152 00b9 C7000000 		.4byte	0xc7
ARM GAS  C:\Users\turan\AppData\Local\Temp\cc9iiZqL.s 			page 4


 153 00bd 06       		.uleb128 0x6
 154 00be 08000000 		.4byte	.LVL0
 155 00c2 EC000000 		.4byte	0xec
 156 00c6 00       		.byte	0
 157 00c7 07       		.uleb128 0x7
 158 00c8 D7000000 		.4byte	0xd7
 159 00cc D7000000 		.4byte	0xd7
 160 00d0 08       		.uleb128 0x8
 161 00d1 9D000000 		.4byte	0x9d
 162 00d5 FF       		.byte	0xff
 163 00d6 00       		.byte	0
 164 00d7 09       		.uleb128 0x9
 165 00d8 76000000 		.4byte	0x76
 166 00dc 0A       		.uleb128 0xa
 167 00dd AE000000 		.4byte	.LASF20
 168 00e1 04       		.byte	0x4
 169 00e2 5A       		.byte	0x5a
 170 00e3 E7000000 		.4byte	0xe7
 171 00e7 09       		.uleb128 0x9
 172 00e8 C7000000 		.4byte	0xc7
 173 00ec 0B       		.uleb128 0xb
 174 00ed C3000000 		.4byte	.LASF21
 175 00f1 C3000000 		.4byte	.LASF21
 176 00f5 05       		.byte	0x5
 177 00f6 1B       		.byte	0x1b
 178 00f7 00       		.byte	0
 179              		.section	.debug_abbrev,"",%progbits
 180              	.Ldebug_abbrev0:
 181 0000 01       		.uleb128 0x1
 182 0001 11       		.uleb128 0x11
 183 0002 01       		.byte	0x1
 184 0003 25       		.uleb128 0x25
 185 0004 0E       		.uleb128 0xe
 186 0005 13       		.uleb128 0x13
 187 0006 0B       		.uleb128 0xb
 188 0007 03       		.uleb128 0x3
 189 0008 0E       		.uleb128 0xe
 190 0009 1B       		.uleb128 0x1b
 191 000a 0E       		.uleb128 0xe
 192 000b 55       		.uleb128 0x55
 193 000c 17       		.uleb128 0x17
 194 000d 11       		.uleb128 0x11
 195 000e 01       		.uleb128 0x1
 196 000f 10       		.uleb128 0x10
 197 0010 17       		.uleb128 0x17
 198 0011 00       		.byte	0
 199 0012 00       		.byte	0
 200 0013 02       		.uleb128 0x2
 201 0014 24       		.uleb128 0x24
 202 0015 00       		.byte	0
 203 0016 0B       		.uleb128 0xb
 204 0017 0B       		.uleb128 0xb
 205 0018 3E       		.uleb128 0x3e
 206 0019 0B       		.uleb128 0xb
 207 001a 03       		.uleb128 0x3
 208 001b 0E       		.uleb128 0xe
 209 001c 00       		.byte	0
ARM GAS  C:\Users\turan\AppData\Local\Temp\cc9iiZqL.s 			page 5


 210 001d 00       		.byte	0
 211 001e 03       		.uleb128 0x3
 212 001f 16       		.uleb128 0x16
 213 0020 00       		.byte	0
 214 0021 03       		.uleb128 0x3
 215 0022 0E       		.uleb128 0xe
 216 0023 3A       		.uleb128 0x3a
 217 0024 0B       		.uleb128 0xb
 218 0025 3B       		.uleb128 0x3b
 219 0026 0B       		.uleb128 0xb
 220 0027 49       		.uleb128 0x49
 221 0028 13       		.uleb128 0x13
 222 0029 00       		.byte	0
 223 002a 00       		.byte	0
 224 002b 04       		.uleb128 0x4
 225 002c 24       		.uleb128 0x24
 226 002d 00       		.byte	0
 227 002e 0B       		.uleb128 0xb
 228 002f 0B       		.uleb128 0xb
 229 0030 3E       		.uleb128 0x3e
 230 0031 0B       		.uleb128 0xb
 231 0032 03       		.uleb128 0x3
 232 0033 08       		.uleb128 0x8
 233 0034 00       		.byte	0
 234 0035 00       		.byte	0
 235 0036 05       		.uleb128 0x5
 236 0037 2E       		.uleb128 0x2e
 237 0038 01       		.byte	0x1
 238 0039 3F       		.uleb128 0x3f
 239 003a 19       		.uleb128 0x19
 240 003b 03       		.uleb128 0x3
 241 003c 0E       		.uleb128 0xe
 242 003d 3A       		.uleb128 0x3a
 243 003e 0B       		.uleb128 0xb
 244 003f 3B       		.uleb128 0x3b
 245 0040 0B       		.uleb128 0xb
 246 0041 27       		.uleb128 0x27
 247 0042 19       		.uleb128 0x19
 248 0043 49       		.uleb128 0x49
 249 0044 13       		.uleb128 0x13
 250 0045 11       		.uleb128 0x11
 251 0046 01       		.uleb128 0x1
 252 0047 12       		.uleb128 0x12
 253 0048 06       		.uleb128 0x6
 254 0049 40       		.uleb128 0x40
 255 004a 18       		.uleb128 0x18
 256 004b 9742     		.uleb128 0x2117
 257 004d 19       		.uleb128 0x19
 258 004e 01       		.uleb128 0x1
 259 004f 13       		.uleb128 0x13
 260 0050 00       		.byte	0
 261 0051 00       		.byte	0
 262 0052 06       		.uleb128 0x6
 263 0053 898201   		.uleb128 0x4109
 264 0056 00       		.byte	0
 265 0057 11       		.uleb128 0x11
 266 0058 01       		.uleb128 0x1
ARM GAS  C:\Users\turan\AppData\Local\Temp\cc9iiZqL.s 			page 6


 267 0059 31       		.uleb128 0x31
 268 005a 13       		.uleb128 0x13
 269 005b 00       		.byte	0
 270 005c 00       		.byte	0
 271 005d 07       		.uleb128 0x7
 272 005e 01       		.uleb128 0x1
 273 005f 01       		.byte	0x1
 274 0060 49       		.uleb128 0x49
 275 0061 13       		.uleb128 0x13
 276 0062 01       		.uleb128 0x1
 277 0063 13       		.uleb128 0x13
 278 0064 00       		.byte	0
 279 0065 00       		.byte	0
 280 0066 08       		.uleb128 0x8
 281 0067 21       		.uleb128 0x21
 282 0068 00       		.byte	0
 283 0069 49       		.uleb128 0x49
 284 006a 13       		.uleb128 0x13
 285 006b 2F       		.uleb128 0x2f
 286 006c 0B       		.uleb128 0xb
 287 006d 00       		.byte	0
 288 006e 00       		.byte	0
 289 006f 09       		.uleb128 0x9
 290 0070 26       		.uleb128 0x26
 291 0071 00       		.byte	0
 292 0072 49       		.uleb128 0x49
 293 0073 13       		.uleb128 0x13
 294 0074 00       		.byte	0
 295 0075 00       		.byte	0
 296 0076 0A       		.uleb128 0xa
 297 0077 34       		.uleb128 0x34
 298 0078 00       		.byte	0
 299 0079 03       		.uleb128 0x3
 300 007a 0E       		.uleb128 0xe
 301 007b 3A       		.uleb128 0x3a
 302 007c 0B       		.uleb128 0xb
 303 007d 3B       		.uleb128 0x3b
 304 007e 0B       		.uleb128 0xb
 305 007f 49       		.uleb128 0x49
 306 0080 13       		.uleb128 0x13
 307 0081 3F       		.uleb128 0x3f
 308 0082 19       		.uleb128 0x19
 309 0083 3C       		.uleb128 0x3c
 310 0084 19       		.uleb128 0x19
 311 0085 00       		.byte	0
 312 0086 00       		.byte	0
 313 0087 0B       		.uleb128 0xb
 314 0088 2E       		.uleb128 0x2e
 315 0089 00       		.byte	0
 316 008a 3F       		.uleb128 0x3f
 317 008b 19       		.uleb128 0x19
 318 008c 3C       		.uleb128 0x3c
 319 008d 19       		.uleb128 0x19
 320 008e 6E       		.uleb128 0x6e
 321 008f 0E       		.uleb128 0xe
 322 0090 03       		.uleb128 0x3
 323 0091 0E       		.uleb128 0xe
ARM GAS  C:\Users\turan\AppData\Local\Temp\cc9iiZqL.s 			page 7


 324 0092 3A       		.uleb128 0x3a
 325 0093 0B       		.uleb128 0xb
 326 0094 3B       		.uleb128 0x3b
 327 0095 0B       		.uleb128 0xb
 328 0096 00       		.byte	0
 329 0097 00       		.byte	0
 330 0098 00       		.byte	0
 331              		.section	.debug_aranges,"",%progbits
 332 0000 1C000000 		.4byte	0x1c
 333 0004 0200     		.2byte	0x2
 334 0006 00000000 		.4byte	.Ldebug_info0
 335 000a 04       		.byte	0x4
 336 000b 00       		.byte	0
 337 000c 0000     		.2byte	0
 338 000e 0000     		.2byte	0
 339 0010 00000000 		.4byte	.LFB43
 340 0014 0C000000 		.4byte	.LFE43-.LFB43
 341 0018 00000000 		.4byte	0
 342 001c 00000000 		.4byte	0
 343              		.section	.debug_ranges,"",%progbits
 344              	.Ldebug_ranges0:
 345 0000 00000000 		.4byte	.LFB43
 346 0004 0C000000 		.4byte	.LFE43
 347 0008 00000000 		.4byte	0
 348 000c 00000000 		.4byte	0
 349              		.section	.debug_line,"",%progbits
 350              	.Ldebug_line0:
 351 0000 52010000 		.section	.debug_str,"MS",%progbits,1
 351      02003A01 
 351      00000201 
 351      FB0E0D00 
 351      01010101 
 352              	.LASF6:
 353 0000 6C6F6E67 		.ascii	"long long int\000"
 353      206C6F6E 
 353      6720696E 
 353      7400
 354              	.LASF8:
 355 000e 756E7369 		.ascii	"unsigned int\000"
 355      676E6564 
 355      20696E74 
 355      00
 356              	.LASF17:
 357 001b 6D61696E 		.ascii	"main.c\000"
 357      2E6300
 358              	.LASF18:
 359 0022 433A5C55 		.ascii	"C:\\Users\\turan\\Desktop\\Dev\\Workspace01\\Test\\"
 359      73657273 
 359      5C747572 
 359      616E5C44 
 359      65736B74 
 360 004e 54657374 		.ascii	"Test1P.cydsn\000"
 360      31502E63 
 360      7964736E 
 360      00
 361              	.LASF19:
 362 005b 6D61696E 		.ascii	"main\000"
ARM GAS  C:\Users\turan\AppData\Local\Temp\cc9iiZqL.s 			page 8


 362      00
 363              	.LASF5:
 364 0060 6C6F6E67 		.ascii	"long unsigned int\000"
 364      20756E73 
 364      69676E65 
 364      6420696E 
 364      7400
 365              	.LASF7:
 366 0072 6C6F6E67 		.ascii	"long long unsigned int\000"
 366      206C6F6E 
 366      6720756E 
 366      7369676E 
 366      65642069 
 367              	.LASF9:
 368 0089 5F5F7569 		.ascii	"__uint8_t\000"
 368      6E74385F 
 368      7400
 369              	.LASF10:
 370 0093 75696E74 		.ascii	"uint8_t\000"
 370      385F7400 
 371              	.LASF1:
 372 009b 756E7369 		.ascii	"unsigned char\000"
 372      676E6564 
 372      20636861 
 372      7200
 373              	.LASF13:
 374 00a9 63686172 		.ascii	"char\000"
 374      00
 375              	.LASF20:
 376 00ae 6C757442 		.ascii	"lutBitCount\000"
 376      6974436F 
 376      756E7400 
 377              	.LASF4:
 378 00ba 6C6F6E67 		.ascii	"long int\000"
 378      20696E74 
 378      00
 379              	.LASF21:
 380 00c3 72636F73 		.ascii	"rcosMainLoop\000"
 380      4D61696E 
 380      4C6F6F70 
 380      00
 381              	.LASF12:
 382 00d0 646F7562 		.ascii	"double\000"
 382      6C6500
 383              	.LASF16:
 384 00d7 474E5520 		.ascii	"GNU C11 5.4.1 20160609 (release) [ARM/embedded-5-br"
 384      43313120 
 384      352E342E 
 384      31203230 
 384      31363036 
 385 010a 616E6368 		.ascii	"anch revision 237715] -mcpu=cortex-m0 -mthumb -g -O"
 385      20726576 
 385      6973696F 
 385      6E203233 
 385      37373135 
 386 013d 67202D66 		.ascii	"g -ffunction-sections -ffat-lto-objects\000"
 386      66756E63 
ARM GAS  C:\Users\turan\AppData\Local\Temp\cc9iiZqL.s 			page 9


 386      74696F6E 
 386      2D736563 
 386      74696F6E 
 387              	.LASF3:
 388 0165 73686F72 		.ascii	"short unsigned int\000"
 388      7420756E 
 388      7369676E 
 388      65642069 
 388      6E7400
 389              	.LASF0:
 390 0178 7369676E 		.ascii	"signed char\000"
 390      65642063 
 390      68617200 
 391              	.LASF14:
 392 0184 6C6F6E67 		.ascii	"long double\000"
 392      20646F75 
 392      626C6500 
 393              	.LASF11:
 394 0190 666C6F61 		.ascii	"float\000"
 394      7400
 395              	.LASF2:
 396 0196 73686F72 		.ascii	"short int\000"
 396      7420696E 
 396      7400
 397              	.LASF15:
 398 01a0 73697A65 		.ascii	"sizetype\000"
 398      74797065 
 398      00
 399              		.ident	"GCC: (GNU Tools for ARM Embedded Processors) 5.4.1 20160609 (release) [ARM/embedded-5-bran
